<?xml version="1.0" encoding="UTF-8"?>
<testsuite xmlns:xsi="http://www.w3.org/2001/XMLSchema-instance" xsi:noNamespaceSchemaLocation="https://maven.apache.org/surefire/maven-surefire-plugin/xsd/surefire-test-report.xsd" name="com.example.AppTest" time="0.084" tests="1" errors="0" skipped="0" failures="0">
  <properties>
    <property name="java.specification.version" value="24"/>
    <property name="sun.cpu.isalist" value="amd64"/>
    <property name="sun.jnu.encoding" value="Cp1252"/>
    <property name="java.class.path" value="C:\Users\pvnik\OneDrive\Desktop\devops\exp2\target\test-classes;C:\Users\pvnik\OneDrive\Desktop\devops\exp2\target\classes;C:\Users\pvnik\.m2\repository\junit\junit\4.13.2\junit-4.13.2.jar;C:\Users\pvnik\.m2\repository\org\hamcrest\hamcrest-core\1.3\hamcrest-core-1.3.jar;"/>
    <property name="java.vm.vendor" value="Oracle Corporation"/>
    <property name="sun.arch.data.model" value="64"/>
    <property name="user.variant" value=""/>
    <property name="java.vendor.url" value="https://java.oracle.com/"/>
    <property name="user.timezone" value="Asia/Calcutta"/>
    <property name="os.name" value="Windows 11"/>
    <property name="java.vm.specification.version" value="24"/>
    <property name="sun.java.launcher" value="SUN_STANDARD"/>
    <property name="user.country" value="US"/>
    <property name="sun.boot.library.path" value="C:\Program Files\Java\jdk-24\bin"/>
    <property name="sun.java.command" value="C:\Users\pvnik\AppData\Local\Temp\surefire18107643341229748368\surefirebooter14143449224981662855.jar C:\Users\pvnik\AppData\Local\Temp\surefire18107643341229748368 2025-05-07T12-35-36_281-jvmRun1 surefire2504062890544585357tmp surefire_04920314994202158770tmp"/>
    <property name="jdk.debug" value="release"/>
    <property name="surefire.test.class.path" value="C:\Users\pvnik\OneDrive\Desktop\devops\exp2\target\test-classes;C:\Users\pvnik\OneDrive\Desktop\devops\exp2\target\classes;C:\Users\pvnik\.m2\repository\junit\junit\4.13.2\junit-4.13.2.jar;C:\Users\pvnik\.m2\repository\org\hamcrest\hamcrest-core\1.3\hamcrest-core-1.3.jar;"/>
    <property name="sun.cpu.endian" value="little"/>
    <property name="user.home" value="C:\Users\pvnik"/>
    <property name="user.language" value="en"/>
    <property name="java.specification.vendor" value="Oracle Corporation"/>
    <property name="java.version.date" value="2025-04-15"/>
    <property name="java.home" value="C:\Program Files\Java\jdk-24"/>
    <property name="file.separator" value="\"/>
    <property name="basedir" value="C:\Users\pvnik\OneDrive\Desktop\devops\exp2"/>
    <property name="java.vm.compressedOopsMode" value="Zero based"/>
    <property name="line.separator" value="&#10;"/>
    <property name="java.vm.specification.vendor" value="Oracle Corporation"/>
    <property name="java.specification.name" value="Java Platform API Specification"/>
    <property name="surefire.real.class.path" value="C:\Users\pvnik\AppData\Local\Temp\surefire18107643341229748368\surefirebooter14143449224981662855.jar"/>
    <property name="user.script" value=""/>
    <property name="sun.management.compiler" value="HotSpot 64-Bit Tiered Compilers"/>
    <property name="java.runtime.version" value="24.0.1+9-30"/>
    <property name="user.name" value="pvnik"/>
    <property name="stdout.encoding" value="Cp1252"/>
    <property name="path.separator" value=";"/>
    <property name="os.version" value="10.0"/>
    <property name="java.runtime.name" value="Java(TM) SE Runtime Environment"/>
    <property name="file.encoding" value="UTF-8"/>
    <property name="java.vm.name" value="Java HotSpot(TM) 64-Bit Server VM"/>
    <property name="localRepository" value="C:\Users\pvnik\.m2\repository"/>
    <property name="java.vendor.url.bug" value="https://bugreport.java.com/bugreport/"/>
    <property name="java.io.tmpdir" value="C:\Users\pvnik\AppData\Local\Temp\"/>
    <property name="java.version" value="24.0.1"/>
    <property name="user.dir" value="C:\Users\pvnik\OneDrive\Desktop\devops\exp2"/>
    <property name="os.arch" value="amd64"/>
    <property name="java.vm.specification.name" value="Java Virtual Machine Specification"/>
    <property name="sun.os.patch.level" value=""/>
    <property name="native.encoding" value="Cp1252"/>
    <property name="java.library.path" value="C:\Program Files\Java\jdk-24\bin;C:\WINDOWS\Sun\Java\bin;C:\WINDOWS\system32;C:\WINDOWS;C:\Program Files\Common Files\Oracle\Java\javapath;C:\Python312\Scripts\;C:\Python312\;C:\Program Files (x86)\Common Files\Oracle\Java\javapath;C:\Program Files\Eclipse Adoptium\jdk-21.0.5.11-hotspot\bin;C:\WINDOWS\system32;C:\WINDOWS;C:\WINDOWS\System32\Wbem;C:\WINDOWS\System32\WindowsPowerShell\v1.0\;C:\WINDOWS\System32\OpenSSH\;C:\Program Files (x86)\NVIDIA Corporation\PhysX\Common;C:\Program Files\Git\cmd;C:\Program Files\nodejs\;C:\ProgramData\chocolatey\bin;C:\Program Files\dotnet\;C:\Program Files\NVIDIA Corporation\NVIDIA app\NvDLISR;C:\Program Files\apache-maven-3.9.9-bin\apache-maven-3.9.9\bin;C:\Program Files\gradle-8.13-bin\gradle-8.13\bin;C:\Program Files\Java\jdk-23;C:\Program Files\Java\jdk-24\bin.;C:\Users\pvnik\AppData\Local\Programs\Python\Python313\Scripts\;C:\Users\pvnik\AppData\Local\Programs\Python\Python313\;C:\Users\pvnik\AppData\Local\Microsoft\WindowsApps;C:\Users\pvnik\AppData\Local\GitHubDesktop\bin;C:\Users\pvnik\AppData\Local\Programs\Microsoft VS Code\bin;C:\MinGW\bin;C:\Users\pvnik\AppData\Roaming\npm;C:\Users\pvnik\AppData\Local\Programs\Ollama;C:\Users\pvnik\AppData\Local\Programs\cursor\resources\app\bin;C:\Program Files\Java\jdk-24;C:\Program Files\Java\jdk-21;;c:\Users\pvnik\AppData\Roaming\Code\User\globalStorage\github.copilot-chat\debugCommand;."/>
    <property name="java.vm.info" value="mixed mode, sharing"/>
    <property name="stderr.encoding" value="Cp1252"/>
    <property name="java.vendor" value="Oracle Corporation"/>
    <property name="java.vm.version" value="24.0.1+9-30"/>
    <property name="sun.io.unicode.encoding" value="UnicodeLittle"/>
    <property name="java.class.version" value="68.0"/>
  </properties>
  <testcase name="testAdd" classname="com.example.AppTest" time="0.01"/>
</testsuite>